<?xml version="1.0" encoding="UTF-8"?>
<!-- Generated by org.testng.reporters.JUnitXMLReporter -->
<testsuite ignored="1" hostname="Manul-W" failures="1" tests="2" name="Default test(failed)" time="0.106" errors="0" timestamp="2021-06-16T00:29:38 IST">
  <testcase classname="demo.TestNGRetryFailed" name="test2" time="0.014"/>
  <testcase classname="demo.TestNGRetryFailed" name="test3" time="0.005">
    <failure type="java.lang.AssertionError" message="expected [true] but found [false]">
      <![CDATA[java.lang.AssertionError: expected [true] but found [false]
at demo.TestNGRetryFailed.test3(TestNGRetryFailed.java:23)
at java.base/java.util.ArrayList.forEach(ArrayList.java:1511)
... Removed 31 stack frames]]>
    </failure>
  </testcase> <!-- test3 -->
  <testcase classname="demo.TestNGRetryFailed" name="test1" time="0.0">
    <ignored/>
  </testcase> <!-- test1 -->
</testsuite> <!-- Default test(failed) -->
