<?xml version="1.0" encoding="UTF-8"?>
<!-- Generated by org.testng.reporters.JUnitXMLReporter -->
<testsuite ignored="3" hostname="Manul-W" failures="0" tests="1" name="Default test" time="0.169" errors="0" timestamp="2021-06-15T22:16:12 IST">
  <testcase classname="demo.TestNGGroupDemo" name="test1" time="0.05"/>
  <testcase classname="demo.TestNGGroupDemo" name="test2" time="0.0">
    <ignored/>
  </testcase> <!-- test2 -->
  <testcase classname="demo.TestNGGroupDemo" name="test3" time="0.0">
    <ignored/>
  </testcase> <!-- test3 -->
  <testcase classname="demo.TestNGGroupDemo" name="test4" time="0.0">
    <ignored/>
  </testcase> <!-- test4 -->
</testsuite> <!-- Default test -->
