<?xml version="1.0" encoding="UTF-8"?>
<!-- Generated by org.testng.reporters.JUnitXMLReporter -->
<testsuite ignored="0" hostname="Manul-W" failures="0" tests="3" name="Default test" time="0.114" errors="0" timestamp="2021-06-16T00:02:58 IST">
  <testcase classname="demo.TestNGDependency" name="test2" time="0.018"/>
  <testcase classname="demo.TestNGDependency" name="test3" time="0.003"/>
  <testcase classname="demo.TestNGDependency" name="test1" time="0.002"/>
</testsuite> <!-- Default test -->
