<?xml version="1.0" encoding="UTF-8"?>
<!-- Generated by org.testng.reporters.JUnitXMLReporter -->
<testsuite ignored="0" hostname="Manul-W" failures="0" tests="6" name="Test1" time="0.106" errors="0" timestamp="2021-06-15T22:41:29 IST">
  <testcase classname="demo.TestNGGroupDemo" name="test1" time="0.011"/>
  <testcase classname="demo.TestNGGroupDemo" name="test2" time="0.007"/>
  <testcase classname="demo.TestNGGroupDemo" name="test3" time="0.008"/>
  <testcase classname="demo.TestNGGroupDemo" name="test4" time="0.003"/>
  <testcase classname="demo.TestNGGroupDemo" name="test5" time="0.003"/>
  <testcase classname="demo.TestNGGroupDemo" name="test6" time="0.002"/>
</testsuite> <!-- Test1 -->
